Base path: /Applications/Unity/Unity.app/Contents
Cmd: getPlatforms
Cmd: preprocess
  insize=660 outsize=660 ok=1
Cmd: preprocess
  insize=964 outsize=964 ok=1
Cmd: preprocess
  insize=516 outsize=516 ok=1
Cmd: preprocess
  insize=892 outsize=259 ok=1
Cmd: compileSnippet
  api=15 type=0 insize=933 outsize=3597 kw= pd=UNITY_NO_SCREENSPACE_SHADOWS UNITY_ENABLE_REFLECTION_BUFFERS UNITY_PBS_USE_BRDF1 UNITY_SPECCUBE_BOX_PROJECTION UNITY_SPECCUBE_BLENDING SHADER_API_DESKTOP UNITY_TEXTURE_ALPHASPLIT_ALLOWED ok=1
Cmd: compileSnippet
  api=15 type=1 insize=933 outsize=0 kw= pd=UNITY_NO_SCREENSPACE_SHADOWS UNITY_ENABLE_REFLECTION_BUFFERS UNITY_PBS_USE_BRDF1 UNITY_SPECCUBE_BOX_PROJECTION UNITY_SPECCUBE_BLENDING SHADER_API_DESKTOP UNITY_TEXTURE_ALPHASPLIT_ALLOWED ok=1
Cmd: preprocess
  insize=665 outsize=665 ok=1
Cmd: preprocess
  insize=890 outsize=890 ok=1
Cmd: preprocess
  insize=1009 outsize=1009 ok=1
Cmd: compileSnippet
  api=15 type=0 insize=1162 outsize=3347 kw= pd=UNITY_NO_SCREENSPACE_SHADOWS UNITY_ENABLE_REFLECTION_BUFFERS UNITY_PBS_USE_BRDF1 UNITY_SPECCUBE_BOX_PROJECTION UNITY_SPECCUBE_BLENDING SHADER_API_DESKTOP UNITY_TEXTURE_ALPHASPLIT_ALLOWED ok=1
Cmd: compileSnippet
  api=15 type=1 insize=1162 outsize=0 kw= pd=UNITY_NO_SCREENSPACE_SHADOWS UNITY_ENABLE_REFLECTION_BUFFERS UNITY_PBS_USE_BRDF1 UNITY_SPECCUBE_BOX_PROJECTION UNITY_SPECCUBE_BLENDING SHADER_API_DESKTOP UNITY_TEXTURE_ALPHASPLIT_ALLOWED ok=1
Cmd: compileSnippet
  api=15 type=0 insize=6658 outsize=8350 kw=DIRECTIONAL LIGHTMAP_OFF DIRLIGHTMAP_OFF DYNAMICLIGHTMAP_OFF pd=UNITY_NO_SCREENSPACE_SHADOWS UNITY_ENABLE_REFLECTION_BUFFERS UNITY_PBS_USE_BRDF1 UNITY_SPECCUBE_BOX_PROJECTION UNITY_SPECCUBE_BLENDING SHADER_API_DESKTOP UNITY_TEXTURE_ALPHASPLIT_ALLOWED ok=1
Cmd: compileSnippet
  api=15 type=1 insize=6658 outsize=0 kw=DIRECTIONAL LIGHTMAP_OFF DIRLIGHTMAP_OFF DYNAMICLIGHTMAP_OFF pd=UNITY_NO_SCREENSPACE_SHADOWS UNITY_ENABLE_REFLECTION_BUFFERS UNITY_PBS_USE_BRDF1 UNITY_SPECCUBE_BOX_PROJECTION UNITY_SPECCUBE_BLENDING SHADER_API_DESKTOP UNITY_TEXTURE_ALPHASPLIT_ALLOWED ok=1
Cmd: compileSnippet
  api=15 type=0 insize=3591 outsize=7399 kw=DIRECTIONAL pd=UNITY_NO_SCREENSPACE_SHADOWS UNITY_ENABLE_REFLECTION_BUFFERS UNITY_PBS_USE_BRDF1 UNITY_SPECCUBE_BOX_PROJECTION UNITY_SPECCUBE_BLENDING SHADER_API_DESKTOP UNITY_TEXTURE_ALPHASPLIT_ALLOWED ok=1
Cmd: compileSnippet
  api=15 type=1 insize=3591 outsize=0 kw=DIRECTIONAL pd=UNITY_NO_SCREENSPACE_SHADOWS UNITY_ENABLE_REFLECTION_BUFFERS UNITY_PBS_USE_BRDF1 UNITY_SPECCUBE_BOX_PROJECTION UNITY_SPECCUBE_BLENDING SHADER_API_DESKTOP UNITY_TEXTURE_ALPHASPLIT_ALLOWED ok=1
Cmd: compileSnippet
  api=15 type=0 insize=751 outsize=4944 kw=SHADOWS_DEPTH pd=UNITY_NO_SCREENSPACE_SHADOWS UNITY_ENABLE_REFLECTION_BUFFERS UNITY_PBS_USE_BRDF1 UNITY_SPECCUBE_BOX_PROJECTION UNITY_SPECCUBE_BLENDING SHADER_API_DESKTOP UNITY_TEXTURE_ALPHASPLIT_ALLOWED ok=1
Cmd: compileSnippet
  api=15 type=1 insize=751 outsize=0 kw=SHADOWS_DEPTH pd=UNITY_NO_SCREENSPACE_SHADOWS UNITY_ENABLE_REFLECTION_BUFFERS UNITY_PBS_USE_BRDF1 UNITY_SPECCUBE_BOX_PROJECTION UNITY_SPECCUBE_BLENDING SHADER_API_DESKTOP UNITY_TEXTURE_ALPHASPLIT_ALLOWED ok=1
Cmd: compileSnippet
  api=15 type=0 insize=970 outsize=14953 kw=DIRECTIONAL SHADOWS_OFF LIGHTMAP_OFF DIRLIGHTMAP_OFF DYNAMICLIGHTMAP_OFF pd=UNITY_NO_SCREENSPACE_SHADOWS UNITY_ENABLE_REFLECTION_BUFFERS UNITY_PBS_USE_BRDF1 UNITY_SPECCUBE_BOX_PROJECTION UNITY_SPECCUBE_BLENDING SHADER_API_DESKTOP UNITY_TEXTURE_ALPHASPLIT_ALLOWED ok=1
Cmd: compileSnippet
  api=15 type=1 insize=970 outsize=0 kw=DIRECTIONAL SHADOWS_OFF LIGHTMAP_OFF DIRLIGHTMAP_OFF DYNAMICLIGHTMAP_OFF pd=UNITY_NO_SCREENSPACE_SHADOWS UNITY_ENABLE_REFLECTION_BUFFERS UNITY_PBS_USE_BRDF1 UNITY_SPECCUBE_BOX_PROJECTION UNITY_SPECCUBE_BLENDING SHADER_API_DESKTOP UNITY_TEXTURE_ALPHASPLIT_ALLOWED ok=1
Cmd: compileSnippet
  api=15 type=0 insize=927 outsize=11425 kw=DIRECTIONAL SHADOWS_OFF pd=UNITY_NO_SCREENSPACE_SHADOWS UNITY_ENABLE_REFLECTION_BUFFERS UNITY_PBS_USE_BRDF1 UNITY_SPECCUBE_BOX_PROJECTION UNITY_SPECCUBE_BLENDING SHADER_API_DESKTOP UNITY_TEXTURE_ALPHASPLIT_ALLOWED ok=1
Cmd: compileSnippet
  api=15 type=1 insize=927 outsize=0 kw=DIRECTIONAL SHADOWS_OFF pd=UNITY_NO_SCREENSPACE_SHADOWS UNITY_ENABLE_REFLECTION_BUFFERS UNITY_PBS_USE_BRDF1 UNITY_SPECCUBE_BOX_PROJECTION UNITY_SPECCUBE_BLENDING SHADER_API_DESKTOP UNITY_TEXTURE_ALPHASPLIT_ALLOWED ok=1
Cmd: compileSnippet
  api=5 type=0 insize=877 outsize=6425 kw=DIRECTIONAL SHADOWS_OFF LIGHTMAP_OFF DIRLIGHTMAP_OFF DYNAMICLIGHTMAP_OFF pd=UNITY_NO_DXT5nm UNITY_NO_RGBM UNITY_NO_SCREENSPACE_SHADOWS UNITY_NO_LINEAR_COLORSPACE UNITY_ENABLE_REFLECTION_BUFFERS UNITY_FRAMEBUFFER_FETCH_AVAILABLE UNITY_NO_FULL_STANDARD_SHADER UNITY_PBS_USE_BRDF2 SHADER_API_MOBILE ok=1
Cmd: compileSnippet
  api=5 type=0 insize=877 outsize=7054 kw=DIRECTIONAL SHADOWS_SCREEN SHADOWS_NATIVE LIGHTMAP_OFF DIRLIGHTMAP_OFF DYNAMICLIGHTMAP_OFF pd=UNITY_NO_DXT5nm UNITY_NO_RGBM UNITY_NO_SCREENSPACE_SHADOWS UNITY_NO_LINEAR_COLORSPACE UNITY_ENABLE_REFLECTION_BUFFERS UNITY_FRAMEBUFFER_FETCH_AVAILABLE UNITY_NO_FULL_STANDARD_SHADER UNITY_PBS_USE_BRDF2 SHADER_API_MOBILE ok=1
Cmd: compileSnippet
  api=5 type=0 insize=877 outsize=6665 kw=DIRECTIONAL SHADOWS_OFF LIGHTMAP_OFF DIRLIGHTMAP_OFF DYNAMICLIGHTMAP_OFF _EMISSION pd=UNITY_NO_DXT5nm UNITY_NO_RGBM UNITY_NO_SCREENSPACE_SHADOWS UNITY_NO_LINEAR_COLORSPACE UNITY_ENABLE_REFLECTION_BUFFERS UNITY_FRAMEBUFFER_FETCH_AVAILABLE UNITY_NO_FULL_STANDARD_SHADER UNITY_PBS_USE_BRDF2 SHADER_API_MOBILE ok=1
Cmd: compileSnippet
  api=5 type=0 insize=877 outsize=7295 kw=DIRECTIONAL SHADOWS_SCREEN SHADOWS_NATIVE LIGHTMAP_OFF DIRLIGHTMAP_OFF DYNAMICLIGHTMAP_OFF _EMISSION pd=UNITY_NO_DXT5nm UNITY_NO_RGBM UNITY_NO_SCREENSPACE_SHADOWS UNITY_NO_LINEAR_COLORSPACE UNITY_ENABLE_REFLECTION_BUFFERS UNITY_FRAMEBUFFER_FETCH_AVAILABLE UNITY_NO_FULL_STANDARD_SHADER UNITY_PBS_USE_BRDF2 SHADER_API_MOBILE ok=1
Cmd: compileSnippet
  api=5 type=0 insize=877 outsize=8249 kw=DIRECTIONAL SHADOWS_OFF LIGHTMAP_OFF DIRLIGHTMAP_OFF DYNAMICLIGHTMAP_OFF VERTEXLIGHT_ON _ALPHAPREMULTIPLY_ON pd=UNITY_NO_DXT5nm UNITY_NO_RGBM UNITY_NO_SCREENSPACE_SHADOWS UNITY_NO_LINEAR_COLORSPACE UNITY_ENABLE_REFLECTION_BUFFERS UNITY_FRAMEBUFFER_FETCH_AVAILABLE UNITY_NO_FULL_STANDARD_SHADER UNITY_PBS_USE_BRDF2 SHADER_API_MOBILE ok=1
Cmd: compileSnippet
  api=5 type=0 insize=877 outsize=6770 kw=DIRECTIONAL SHADOWS_OFF LIGHTMAP_OFF DIRLIGHTMAP_OFF DYNAMICLIGHTMAP_OFF _EMISSION _ALPHAPREMULTIPLY_ON pd=UNITY_NO_DXT5nm UNITY_NO_RGBM UNITY_NO_SCREENSPACE_SHADOWS UNITY_NO_LINEAR_COLORSPACE UNITY_ENABLE_REFLECTION_BUFFERS UNITY_FRAMEBUFFER_FETCH_AVAILABLE UNITY_NO_FULL_STANDARD_SHADER UNITY_PBS_USE_BRDF2 SHADER_API_MOBILE ok=1
Cmd: compileSnippet
  api=5 type=0 insize=877 outsize=7400 kw=DIRECTIONAL SHADOWS_SCREEN SHADOWS_NATIVE LIGHTMAP_OFF DIRLIGHTMAP_OFF DYNAMICLIGHTMAP_OFF _EMISSION _ALPHAPREMULTIPLY_ON pd=UNITY_NO_DXT5nm UNITY_NO_RGBM UNITY_NO_SCREENSPACE_SHADOWS UNITY_NO_LINEAR_COLORSPACE UNITY_ENABLE_REFLECTION_BUFFERS UNITY_FRAMEBUFFER_FETCH_AVAILABLE UNITY_NO_FULL_STANDARD_SHADER UNITY_PBS_USE_BRDF2 SHADER_API_MOBILE ok=1
Cmd: compileSnippet
  api=5 type=1 insize=877 outsize=0 kw=DIRECTIONAL SHADOWS_OFF LIGHTMAP_OFF DIRLIGHTMAP_OFF DYNAMICLIGHTMAP_OFF pd=UNITY_NO_DXT5nm UNITY_NO_RGBM UNITY_NO_SCREENSPACE_SHADOWS UNITY_NO_LINEAR_COLORSPACE UNITY_ENABLE_REFLECTION_BUFFERS UNITY_FRAMEBUFFER_FETCH_AVAILABLE UNITY_NO_FULL_STANDARD_SHADER UNITY_PBS_USE_BRDF2 SHADER_API_MOBILE ok=1
Cmd: compileSnippet
  api=5 type=1 insize=877 outsize=0 kw=DIRECTIONAL SHADOWS_OFF LIGHTMAP_OFF DIRLIGHTMAP_OFF DYNAMICLIGHTMAP_OFF _ALPHAPREMULTIPLY_ON pd=UNITY_NO_DXT5nm UNITY_NO_RGBM UNITY_NO_SCREENSPACE_SHADOWS UNITY_NO_LINEAR_COLORSPACE UNITY_ENABLE_REFLECTION_BUFFERS UNITY_FRAMEBUFFER_FETCH_AVAILABLE UNITY_NO_FULL_STANDARD_SHADER UNITY_PBS_USE_BRDF2 SHADER_API_MOBILE ok=1
Cmd: compileSnippet
  api=5 type=1 insize=877 outsize=0 kw=DIRECTIONAL SHADOWS_SCREEN LIGHTMAP_OFF DIRLIGHTMAP_OFF DYNAMICLIGHTMAP_OFF _EMISSION _ALPHAPREMULTIPLY_ON pd=UNITY_NO_DXT5nm UNITY_NO_RGBM UNITY_NO_SCREENSPACE_SHADOWS UNITY_NO_LINEAR_COLORSPACE UNITY_ENABLE_REFLECTION_BUFFERS UNITY_FRAMEBUFFER_FETCH_AVAILABLE UNITY_NO_FULL_STANDARD_SHADER UNITY_PBS_USE_BRDF2 SHADER_API_MOBILE ok=1
Cmd: compileSnippet
  api=5 type=0 insize=808 outsize=4346 kw=POINT SHADOWS_OFF pd=UNITY_NO_DXT5nm UNITY_NO_RGBM UNITY_NO_SCREENSPACE_SHADOWS UNITY_NO_LINEAR_COLORSPACE UNITY_ENABLE_REFLECTION_BUFFERS UNITY_FRAMEBUFFER_FETCH_AVAILABLE UNITY_NO_FULL_STANDARD_SHADER UNITY_PBS_USE_BRDF2 SHADER_API_MOBILE ok=1
Cmd: compileSnippet
  api=5 type=0 insize=808 outsize=5434 kw=SPOT SHADOWS_DEPTH SHADOWS_NONATIVE pd=UNITY_NO_DXT5nm UNITY_NO_RGBM UNITY_NO_SCREENSPACE_SHADOWS UNITY_NO_LINEAR_COLORSPACE UNITY_ENABLE_REFLECTION_BUFFERS UNITY_FRAMEBUFFER_FETCH_AVAILABLE UNITY_NO_FULL_STANDARD_SHADER UNITY_PBS_USE_BRDF2 SHADER_API_MOBILE ok=1
Cmd: compileSnippet
  api=5 type=0 insize=808 outsize=4449 kw=DIRECTIONAL SHADOWS_SCREEN SHADOWS_NATIVE pd=UNITY_NO_DXT5nm UNITY_NO_RGBM UNITY_NO_SCREENSPACE_SHADOWS UNITY_NO_LINEAR_COLORSPACE UNITY_ENABLE_REFLECTION_BUFFERS UNITY_FRAMEBUFFER_FETCH_AVAILABLE UNITY_NO_FULL_STANDARD_SHADER UNITY_PBS_USE_BRDF2 SHADER_API_MOBILE ok=1
Cmd: compileSnippet
  api=5 type=0 insize=808 outsize=4432 kw=POINT SHADOWS_OFF _ALPHAPREMULTIPLY_ON pd=UNITY_NO_DXT5nm UNITY_NO_RGBM UNITY_NO_SCREENSPACE_SHADOWS UNITY_NO_LINEAR_COLORSPACE UNITY_ENABLE_REFLECTION_BUFFERS UNITY_FRAMEBUFFER_FETCH_AVAILABLE UNITY_NO_FULL_STANDARD_SHADER UNITY_PBS_USE_BRDF2 SHADER_API_MOBILE ok=1
Cmd: compileSnippet
  api=5 type=0 insize=808 outsize=5520 kw=SPOT SHADOWS_DEPTH SHADOWS_NONATIVE _ALPHAPREMULTIPLY_ON pd=UNITY_NO_DXT5nm UNITY_NO_RGBM UNITY_NO_SCREENSPACE_SHADOWS UNITY_NO_LINEAR_COLORSPACE UNITY_ENABLE_REFLECTION_BUFFERS UNITY_FRAMEBUFFER_FETCH_AVAILABLE UNITY_NO_FULL_STANDARD_SHADER UNITY_PBS_USE_BRDF2 SHADER_API_MOBILE ok=1
Cmd: compileSnippet
  api=5 type=0 insize=808 outsize=5189 kw=POINT SHADOWS_CUBE _ALPHAPREMULTIPLY_ON pd=UNITY_NO_DXT5nm UNITY_NO_RGBM UNITY_NO_SCREENSPACE_SHADOWS UNITY_NO_LINEAR_COLORSPACE UNITY_ENABLE_REFLECTION_BUFFERS UNITY_FRAMEBUFFER_FETCH_AVAILABLE UNITY_NO_FULL_STANDARD_SHADER UNITY_PBS_USE_BRDF2 SHADER_API_MOBILE ok=1
Cmd: compileSnippet
  api=5 type=1 insize=808 outsize=0 kw=POINT SHADOWS_OFF pd=UNITY_NO_DXT5nm UNITY_NO_RGBM UNITY_NO_SCREENSPACE_SHADOWS UNITY_NO_LINEAR_COLORSPACE UNITY_ENABLE_REFLECTION_BUFFERS UNITY_FRAMEBUFFER_FETCH_AVAILABLE UNITY_NO_FULL_STANDARD_SHADER UNITY_PBS_USE_BRDF2 SHADER_API_MOBILE ok=1
Cmd: compileSnippet
  api=5 type=1 insize=808 outsize=0 kw=DIRECTIONAL_COOKIE SHADOWS_OFF pd=UNITY_NO_DXT5nm UNITY_NO_RGBM UNITY_NO_SCREENSPACE_SHADOWS UNITY_NO_LINEAR_COLORSPACE UNITY_ENABLE_REFLECTION_BUFFERS UNITY_FRAMEBUFFER_FETCH_AVAILABLE UNITY_NO_FULL_STANDARD_SHADER UNITY_PBS_USE_BRDF2 SHADER_API_MOBILE ok=1
Cmd: compileSnippet
  api=5 type=1 insize=808 outsize=0 kw=DIRECTIONAL SHADOWS_SCREEN SHADOWS_NATIVE pd=UNITY_NO_DXT5nm UNITY_NO_RGBM UNITY_NO_SCREENSPACE_SHADOWS UNITY_NO_LINEAR_COLORSPACE UNITY_ENABLE_REFLECTION_BUFFERS UNITY_FRAMEBUFFER_FETCH_AVAILABLE UNITY_NO_FULL_STANDARD_SHADER UNITY_PBS_USE_BRDF2 SHADER_API_MOBILE ok=1
Cmd: compileSnippet
  api=5 type=1 insize=808 outsize=0 kw=DIRECTIONAL SHADOWS_OFF _ALPHAPREMULTIPLY_ON pd=UNITY_NO_DXT5nm UNITY_NO_RGBM UNITY_NO_SCREENSPACE_SHADOWS UNITY_NO_LINEAR_COLORSPACE UNITY_ENABLE_REFLECTION_BUFFERS UNITY_FRAMEBUFFER_FETCH_AVAILABLE UNITY_NO_FULL_STANDARD_SHADER UNITY_PBS_USE_BRDF2 SHADER_API_MOBILE ok=1
Cmd: compileSnippet
  api=5 type=1 insize=808 outsize=0 kw=SPOT SHADOWS_DEPTH SHADOWS_NATIVE _ALPHAPREMULTIPLY_ON pd=UNITY_NO_DXT5nm UNITY_NO_RGBM UNITY_NO_SCREENSPACE_SHADOWS UNITY_NO_LINEAR_COLORSPACE UNITY_ENABLE_REFLECTION_BUFFERS UNITY_FRAMEBUFFER_FETCH_AVAILABLE UNITY_NO_FULL_STANDARD_SHADER UNITY_PBS_USE_BRDF2 SHADER_API_MOBILE ok=1
Cmd: compileSnippet
  api=5 type=1 insize=808 outsize=0 kw=POINT SHADOWS_CUBE _ALPHAPREMULTIPLY_ON pd=UNITY_NO_DXT5nm UNITY_NO_RGBM UNITY_NO_SCREENSPACE_SHADOWS UNITY_NO_LINEAR_COLORSPACE UNITY_ENABLE_REFLECTION_BUFFERS UNITY_FRAMEBUFFER_FETCH_AVAILABLE UNITY_NO_FULL_STANDARD_SHADER UNITY_PBS_USE_BRDF2 SHADER_API_MOBILE ok=1
Cmd: compileSnippet
  api=5 type=0 insize=600 outsize=2081 kw=SHADOWS_DEPTH pd=UNITY_NO_DXT5nm UNITY_NO_RGBM UNITY_NO_SCREENSPACE_SHADOWS UNITY_NO_LINEAR_COLORSPACE UNITY_ENABLE_REFLECTION_BUFFERS UNITY_FRAMEBUFFER_FETCH_AVAILABLE UNITY_NO_FULL_STANDARD_SHADER UNITY_PBS_USE_BRDF2 SHADER_API_MOBILE ok=1
Cmd: compileSnippet
  api=5 type=1 insize=600 outsize=0 kw=SHADOWS_DEPTH pd=UNITY_NO_DXT5nm UNITY_NO_RGBM UNITY_NO_SCREENSPACE_SHADOWS UNITY_NO_LINEAR_COLORSPACE UNITY_ENABLE_REFLECTION_BUFFERS UNITY_FRAMEBUFFER_FETCH_AVAILABLE UNITY_NO_FULL_STANDARD_SHADER UNITY_PBS_USE_BRDF2 SHADER_API_MOBILE ok=1
Cmd: compileSnippet
  api=5 type=0 insize=13030 outsize=6548 kw=_SUNDISK_NONE pd=UNITY_NO_DXT5nm UNITY_NO_RGBM UNITY_NO_SCREENSPACE_SHADOWS UNITY_NO_LINEAR_COLORSPACE UNITY_ENABLE_REFLECTION_BUFFERS UNITY_FRAMEBUFFER_FETCH_AVAILABLE UNITY_NO_FULL_STANDARD_SHADER UNITY_PBS_USE_BRDF2 SHADER_API_MOBILE ok=1
Cmd: compileSnippet
  api=5 type=0 insize=13030 outsize=7937 kw=UNITY_COLORSPACE_GAMMA _SUNDISK_HIGH_QUALITY pd=UNITY_NO_DXT5nm UNITY_NO_RGBM UNITY_NO_SCREENSPACE_SHADOWS UNITY_NO_LINEAR_COLORSPACE UNITY_ENABLE_REFLECTION_BUFFERS UNITY_FRAMEBUFFER_FETCH_AVAILABLE UNITY_NO_FULL_STANDARD_SHADER UNITY_PBS_USE_BRDF2 SHADER_API_MOBILE ok=1
Cmd: compileSnippet
  api=5 type=1 insize=13030 outsize=0 kw=_SUNDISK_NONE pd=UNITY_NO_DXT5nm UNITY_NO_RGBM UNITY_NO_SCREENSPACE_SHADOWS UNITY_NO_LINEAR_COLORSPACE UNITY_ENABLE_REFLECTION_BUFFERS UNITY_FRAMEBUFFER_FETCH_AVAILABLE UNITY_NO_FULL_STANDARD_SHADER UNITY_PBS_USE_BRDF2 SHADER_API_MOBILE ok=1
Cmd: compileSnippet
  api=5 type=1 insize=13030 outsize=0 kw=UNITY_COLORSPACE_GAMMA _SUNDISK_SIMPLE pd=UNITY_NO_DXT5nm UNITY_NO_RGBM UNITY_NO_SCREENSPACE_SHADOWS UNITY_NO_LINEAR_COLORSPACE UNITY_ENABLE_REFLECTION_BUFFERS UNITY_FRAMEBUFFER_FETCH_AVAILABLE UNITY_NO_FULL_STANDARD_SHADER UNITY_PBS_USE_BRDF2 SHADER_API_MOBILE ok=1
Cmd: compileSnippet
  api=5 type=0 insize=1482 outsize=701 kw=SOFTPARTICLES_OFF pd=UNITY_NO_DXT5nm UNITY_NO_RGBM UNITY_NO_SCREENSPACE_SHADOWS UNITY_NO_LINEAR_COLORSPACE UNITY_ENABLE_REFLECTION_BUFFERS UNITY_FRAMEBUFFER_FETCH_AVAILABLE UNITY_NO_FULL_STANDARD_SHADER UNITY_PBS_USE_BRDF2 SHADER_API_MOBILE ok=1
Cmd: compileSnippet
  api=5 type=1 insize=1482 outsize=0 kw=SOFTPARTICLES_OFF pd=UNITY_NO_DXT5nm UNITY_NO_RGBM UNITY_NO_SCREENSPACE_SHADOWS UNITY_NO_LINEAR_COLORSPACE UNITY_ENABLE_REFLECTION_BUFFERS UNITY_FRAMEBUFFER_FETCH_AVAILABLE UNITY_NO_FULL_STANDARD_SHADER UNITY_PBS_USE_BRDF2 SHADER_API_MOBILE ok=1
Cmd: compileSnippet
  api=5 type=0 insize=990 outsize=628 kw= pd=UNITY_NO_DXT5nm UNITY_NO_RGBM UNITY_NO_SCREENSPACE_SHADOWS UNITY_NO_LINEAR_COLORSPACE UNITY_ENABLE_REFLECTION_BUFFERS UNITY_FRAMEBUFFER_FETCH_AVAILABLE UNITY_NO_FULL_STANDARD_SHADER UNITY_PBS_USE_BRDF2 SHADER_API_MOBILE ok=1
Cmd: compileSnippet
  api=5 type=1 insize=990 outsize=0 kw= pd=UNITY_NO_DXT5nm UNITY_NO_RGBM UNITY_NO_SCREENSPACE_SHADOWS UNITY_NO_LINEAR_COLORSPACE UNITY_ENABLE_REFLECTION_BUFFERS UNITY_FRAMEBUFFER_FETCH_AVAILABLE UNITY_NO_FULL_STANDARD_SHADER UNITY_PBS_USE_BRDF2 SHADER_API_MOBILE ok=1
Cmd: compileSnippet
  api=5 type=0 insize=1444 outsize=816 kw= pd=UNITY_NO_DXT5nm UNITY_NO_RGBM UNITY_NO_SCREENSPACE_SHADOWS UNITY_NO_LINEAR_COLORSPACE UNITY_ENABLE_REFLECTION_BUFFERS UNITY_FRAMEBUFFER_FETCH_AVAILABLE UNITY_NO_FULL_STANDARD_SHADER UNITY_PBS_USE_BRDF2 SHADER_API_MOBILE ok=1
Cmd: compileSnippet
  api=5 type=1 insize=1444 outsize=0 kw= pd=UNITY_NO_DXT5nm UNITY_NO_RGBM UNITY_NO_SCREENSPACE_SHADOWS UNITY_NO_LINEAR_COLORSPACE UNITY_ENABLE_REFLECTION_BUFFERS UNITY_FRAMEBUFFER_FETCH_AVAILABLE UNITY_NO_FULL_STANDARD_SHADER UNITY_PBS_USE_BRDF2 SHADER_API_MOBILE ok=1
Cmd: compileSnippet
  api=5 type=0 insize=1162 outsize=545 kw= pd=UNITY_NO_DXT5nm UNITY_NO_RGBM UNITY_NO_SCREENSPACE_SHADOWS UNITY_NO_LINEAR_COLORSPACE UNITY_ENABLE_REFLECTION_BUFFERS UNITY_FRAMEBUFFER_FETCH_AVAILABLE UNITY_NO_FULL_STANDARD_SHADER UNITY_PBS_USE_BRDF2 SHADER_API_MOBILE ok=1
Cmd: compileSnippet
  api=5 type=1 insize=1162 outsize=0 kw= pd=UNITY_NO_DXT5nm UNITY_NO_RGBM UNITY_NO_SCREENSPACE_SHADOWS UNITY_NO_LINEAR_COLORSPACE UNITY_ENABLE_REFLECTION_BUFFERS UNITY_FRAMEBUFFER_FETCH_AVAILABLE UNITY_NO_FULL_STANDARD_SHADER UNITY_PBS_USE_BRDF2 SHADER_API_MOBILE ok=1
Cmd: compileSnippet
  api=5 type=0 insize=4597 outsize=3332 kw= pd=UNITY_NO_DXT5nm UNITY_NO_RGBM UNITY_NO_SCREENSPACE_SHADOWS UNITY_NO_LINEAR_COLORSPACE UNITY_ENABLE_REFLECTION_BUFFERS UNITY_FRAMEBUFFER_FETCH_AVAILABLE UNITY_NO_FULL_STANDARD_SHADER UNITY_PBS_USE_BRDF2 SHADER_API_MOBILE ok=1
Cmd: compileSnippet
  api=5 type=1 insize=4597 outsize=0 kw= pd=UNITY_NO_DXT5nm UNITY_NO_RGBM UNITY_NO_SCREENSPACE_SHADOWS UNITY_NO_LINEAR_COLORSPACE UNITY_ENABLE_REFLECTION_BUFFERS UNITY_FRAMEBUFFER_FETCH_AVAILABLE UNITY_NO_FULL_STANDARD_SHADER UNITY_PBS_USE_BRDF2 SHADER_API_MOBILE ok=1
Cmd: compileSnippet
  api=5 type=0 insize=1807 outsize=1230 kw= pd=UNITY_NO_DXT5nm UNITY_NO_RGBM UNITY_NO_SCREENSPACE_SHADOWS UNITY_NO_LINEAR_COLORSPACE UNITY_ENABLE_REFLECTION_BUFFERS UNITY_FRAMEBUFFER_FETCH_AVAILABLE UNITY_NO_FULL_STANDARD_SHADER UNITY_PBS_USE_BRDF2 SHADER_API_MOBILE ok=1
Cmd: compileSnippet
  api=5 type=1 insize=1807 outsize=0 kw= pd=UNITY_NO_DXT5nm UNITY_NO_RGBM UNITY_NO_SCREENSPACE_SHADOWS UNITY_NO_LINEAR_COLORSPACE UNITY_ENABLE_REFLECTION_BUFFERS UNITY_FRAMEBUFFER_FETCH_AVAILABLE UNITY_NO_FULL_STANDARD_SHADER UNITY_PBS_USE_BRDF2 SHADER_API_MOBILE ok=1
Cmd: compileSnippet
  api=5 type=0 insize=2082 outsize=1496 kw= pd=UNITY_NO_DXT5nm UNITY_NO_RGBM UNITY_NO_SCREENSPACE_SHADOWS UNITY_NO_LINEAR_COLORSPACE UNITY_ENABLE_REFLECTION_BUFFERS UNITY_FRAMEBUFFER_FETCH_AVAILABLE UNITY_NO_FULL_STANDARD_SHADER UNITY_PBS_USE_BRDF2 SHADER_API_MOBILE ok=1
Cmd: compileSnippet
  api=5 type=1 insize=2082 outsize=0 kw= pd=UNITY_NO_DXT5nm UNITY_NO_RGBM UNITY_NO_SCREENSPACE_SHADOWS UNITY_NO_LINEAR_COLORSPACE UNITY_ENABLE_REFLECTION_BUFFERS UNITY_FRAMEBUFFER_FETCH_AVAILABLE UNITY_NO_FULL_STANDARD_SHADER UNITY_PBS_USE_BRDF2 SHADER_API_MOBILE ok=1
Cmd: compileSnippet
  api=5 type=0 insize=541 outsize=2081 kw=SHADOWS_DEPTH pd=UNITY_NO_DXT5nm UNITY_NO_RGBM UNITY_NO_SCREENSPACE_SHADOWS UNITY_NO_LINEAR_COLORSPACE UNITY_ENABLE_REFLECTION_BUFFERS UNITY_FRAMEBUFFER_FETCH_AVAILABLE UNITY_NO_FULL_STANDARD_SHADER UNITY_PBS_USE_BRDF2 SHADER_API_MOBILE ok=1
Cmd: compileSnippet
  api=5 type=1 insize=541 outsize=0 kw=SHADOWS_DEPTH pd=UNITY_NO_DXT5nm UNITY_NO_RGBM UNITY_NO_SCREENSPACE_SHADOWS UNITY_NO_LINEAR_COLORSPACE UNITY_ENABLE_REFLECTION_BUFFERS UNITY_FRAMEBUFFER_FETCH_AVAILABLE UNITY_NO_FULL_STANDARD_SHADER UNITY_PBS_USE_BRDF2 SHADER_API_MOBILE ok=1
Cmd: compileSnippet
  api=5 type=0 insize=6763 outsize=3333 kw=DIRECTIONAL SHADOWS_OFF LIGHTMAP_OFF DIRLIGHTMAP_OFF DYNAMICLIGHTMAP_OFF pd=UNITY_NO_DXT5nm UNITY_NO_RGBM UNITY_NO_SCREENSPACE_SHADOWS UNITY_NO_LINEAR_COLORSPACE UNITY_ENABLE_REFLECTION_BUFFERS UNITY_FRAMEBUFFER_FETCH_AVAILABLE UNITY_NO_FULL_STANDARD_SHADER UNITY_PBS_USE_BRDF2 SHADER_API_MOBILE ok=1
Cmd: compileSnippet
  api=5 type=0 insize=6763 outsize=4065 kw=DIRECTIONAL SHADOWS_SCREEN SHADOWS_NATIVE LIGHTMAP_OFF DIRLIGHTMAP_OFF DYNAMICLIGHTMAP_OFF pd=UNITY_NO_DXT5nm UNITY_NO_RGBM UNITY_NO_SCREENSPACE_SHADOWS UNITY_NO_LINEAR_COLORSPACE UNITY_ENABLE_REFLECTION_BUFFERS UNITY_FRAMEBUFFER_FETCH_AVAILABLE UNITY_NO_FULL_STANDARD_SHADER UNITY_PBS_USE_BRDF2 SHADER_API_MOBILE ok=1
Cmd: compileSnippet
  api=5 type=1 insize=6763 outsize=0 kw=DIRECTIONAL SHADOWS_OFF LIGHTMAP_OFF DIRLIGHTMAP_OFF DYNAMICLIGHTMAP_OFF pd=UNITY_NO_DXT5nm UNITY_NO_RGBM UNITY_NO_SCREENSPACE_SHADOWS UNITY_NO_LINEAR_COLORSPACE UNITY_ENABLE_REFLECTION_BUFFERS UNITY_FRAMEBUFFER_FETCH_AVAILABLE UNITY_NO_FULL_STANDARD_SHADER UNITY_PBS_USE_BRDF2 SHADER_API_MOBILE ok=1
Cmd: compileSnippet
  api=5 type=0 insize=3695 outsize=2680 kw=POINT pd=UNITY_NO_DXT5nm UNITY_NO_RGBM UNITY_NO_SCREENSPACE_SHADOWS UNITY_NO_LINEAR_COLORSPACE UNITY_ENABLE_REFLECTION_BUFFERS UNITY_FRAMEBUFFER_FETCH_AVAILABLE UNITY_NO_FULL_STANDARD_SHADER UNITY_PBS_USE_BRDF2 SHADER_API_MOBILE ok=1
Cmd: compileSnippet
  api=5 type=1 insize=3695 outsize=0 kw=POINT pd=UNITY_NO_DXT5nm UNITY_NO_RGBM UNITY_NO_SCREENSPACE_SHADOWS UNITY_NO_LINEAR_COLORSPACE UNITY_ENABLE_REFLECTION_BUFFERS UNITY_FRAMEBUFFER_FETCH_AVAILABLE UNITY_NO_FULL_STANDARD_SHADER UNITY_PBS_USE_BRDF2 SHADER_API_MOBILE ok=1
Cmd: compileSnippet
  api=5 type=0 insize=2902 outsize=1322 kw= pd=UNITY_NO_DXT5nm UNITY_NO_RGBM UNITY_NO_SCREENSPACE_SHADOWS UNITY_NO_LINEAR_COLORSPACE UNITY_ENABLE_REFLECTION_BUFFERS UNITY_FRAMEBUFFER_FETCH_AVAILABLE UNITY_NO_FULL_STANDARD_SHADER UNITY_PBS_USE_BRDF2 SHADER_API_MOBILE ok=1
Cmd: compileSnippet
  api=5 type=1 insize=2902 outsize=0 kw= pd=UNITY_NO_DXT5nm UNITY_NO_RGBM UNITY_NO_SCREENSPACE_SHADOWS UNITY_NO_LINEAR_COLORSPACE UNITY_ENABLE_REFLECTION_BUFFERS UNITY_FRAMEBUFFER_FETCH_AVAILABLE UNITY_NO_FULL_STANDARD_SHADER UNITY_PBS_USE_BRDF2 SHADER_API_MOBILE ok=1
Cmd: compileSnippet
  api=5 type=0 insize=5962 outsize=3448 kw=LIGHTMAP_OFF DIRLIGHTMAP_OFF DYNAMICLIGHTMAP_OFF HDR_LIGHT_PREPASS_OFF pd=UNITY_NO_DXT5nm UNITY_NO_RGBM UNITY_NO_SCREENSPACE_SHADOWS UNITY_NO_LINEAR_COLORSPACE UNITY_ENABLE_REFLECTION_BUFFERS UNITY_FRAMEBUFFER_FETCH_AVAILABLE UNITY_NO_FULL_STANDARD_SHADER UNITY_PBS_USE_BRDF2 SHADER_API_MOBILE ok=1
Cmd: compileSnippet
  api=5 type=1 insize=5962 outsize=0 kw=LIGHTMAP_OFF DIRLIGHTMAP_OFF DYNAMICLIGHTMAP_OFF HDR_LIGHT_PREPASS_OFF pd=UNITY_NO_DXT5nm UNITY_NO_RGBM UNITY_NO_SCREENSPACE_SHADOWS UNITY_NO_LINEAR_COLORSPACE UNITY_ENABLE_REFLECTION_BUFFERS UNITY_FRAMEBUFFER_FETCH_AVAILABLE UNITY_NO_FULL_STANDARD_SHADER UNITY_PBS_USE_BRDF2 SHADER_API_MOBILE ok=1
Cmd: compileSnippet
  api=5 type=0 insize=1275 outsize=3528 kw=POINT SHADOWS_OFF pd=UNITY_NO_DXT5nm UNITY_NO_RGBM UNITY_NO_SCREENSPACE_SHADOWS UNITY_NO_LINEAR_COLORSPACE UNITY_ENABLE_REFLECTION_BUFFERS UNITY_FRAMEBUFFER_FETCH_AVAILABLE UNITY_NO_FULL_STANDARD_SHADER UNITY_PBS_USE_BRDF2 SHADER_API_MOBILE ok=1
Cmd: compileSnippet
  api=5 type=0 insize=1275 outsize=4933 kw=SPOT SHADOWS_DEPTH SHADOWS_NONATIVE pd=UNITY_NO_DXT5nm UNITY_NO_RGBM UNITY_NO_SCREENSPACE_SHADOWS UNITY_NO_LINEAR_COLORSPACE UNITY_ENABLE_REFLECTION_BUFFERS UNITY_FRAMEBUFFER_FETCH_AVAILABLE UNITY_NO_FULL_STANDARD_SHADER UNITY_PBS_USE_BRDF2 SHADER_API_MOBILE ok=1
Cmd: compileSnippet
  api=5 type=0 insize=1275 outsize=4497 kw=POINT_COOKIE SHADOWS_CUBE pd=UNITY_NO_DXT5nm UNITY_NO_RGBM UNITY_NO_SCREENSPACE_SHADOWS UNITY_NO_LINEAR_COLORSPACE UNITY_ENABLE_REFLECTION_BUFFERS UNITY_FRAMEBUFFER_FETCH_AVAILABLE UNITY_NO_FULL_STANDARD_SHADER UNITY_PBS_USE_BRDF2 SHADER_API_MOBILE ok=1
Cmd: compileSnippet
  api=5 type=0 insize=1275 outsize=5727 kw=POINT_COOKIE SHADOWS_CUBE SHADOWS_SOFT pd=UNITY_NO_DXT5nm UNITY_NO_RGBM UNITY_NO_SCREENSPACE_SHADOWS UNITY_NO_LINEAR_COLORSPACE UNITY_ENABLE_REFLECTION_BUFFERS UNITY_FRAMEBUFFER_FETCH_AVAILABLE UNITY_NO_FULL_STANDARD_SHADER UNITY_PBS_USE_BRDF2 SHADER_API_MOBILE ok=1
Cmd: compileSnippet
  api=5 type=1 insize=1275 outsize=0 kw=POINT SHADOWS_OFF pd=UNITY_NO_DXT5nm UNITY_NO_RGBM UNITY_NO_SCREENSPACE_SHADOWS UNITY_NO_LINEAR_COLORSPACE UNITY_ENABLE_REFLECTION_BUFFERS UNITY_FRAMEBUFFER_FETCH_AVAILABLE UNITY_NO_FULL_STANDARD_SHADER UNITY_PBS_USE_BRDF2 SHADER_API_MOBILE ok=1
Cmd: compileSnippet
  api=5 type=1 insize=1275 outsize=0 kw=DIRECTIONAL_COOKIE SHADOWS_OFF pd=UNITY_NO_DXT5nm UNITY_NO_RGBM UNITY_NO_SCREENSPACE_SHADOWS UNITY_NO_LINEAR_COLORSPACE UNITY_ENABLE_REFLECTION_BUFFERS UNITY_FRAMEBUFFER_FETCH_AVAILABLE UNITY_NO_FULL_STANDARD_SHADER UNITY_PBS_USE_BRDF2 SHADER_API_MOBILE ok=1
Cmd: compileSnippet
  api=5 type=1 insize=1275 outsize=0 kw=DIRECTIONAL_COOKIE SHADOWS_SCREEN pd=UNITY_NO_DXT5nm UNITY_NO_RGBM UNITY_NO_SCREENSPACE_SHADOWS UNITY_NO_LINEAR_COLORSPACE UNITY_ENABLE_REFLECTION_BUFFERS UNITY_FRAMEBUFFER_FETCH_AVAILABLE UNITY_NO_FULL_STANDARD_SHADER UNITY_PBS_USE_BRDF2 SHADER_API_MOBILE ok=1
Cmd: compileSnippet
  api=5 type=1 insize=1275 outsize=0 kw=SPOT SHADOWS_DEPTH SHADOWS_SOFT SHADOWS_NATIVE pd=UNITY_NO_DXT5nm UNITY_NO_RGBM UNITY_NO_SCREENSPACE_SHADOWS UNITY_NO_LINEAR_COLORSPACE UNITY_ENABLE_REFLECTION_BUFFERS UNITY_FRAMEBUFFER_FETCH_AVAILABLE UNITY_NO_FULL_STANDARD_SHADER UNITY_PBS_USE_BRDF2 SHADER_API_MOBILE ok=1
Cmd: compileSnippet
  api=5 type=1 insize=1275 outsize=0 kw=DIRECTIONAL_COOKIE SHADOWS_SCREEN SHADOWS_NATIVE pd=UNITY_NO_DXT5nm UNITY_NO_RGBM UNITY_NO_SCREENSPACE_SHADOWS UNITY_NO_LINEAR_COLORSPACE UNITY_ENABLE_REFLECTION_BUFFERS UNITY_FRAMEBUFFER_FETCH_AVAILABLE UNITY_NO_FULL_STANDARD_SHADER UNITY_PBS_USE_BRDF2 SHADER_API_MOBILE ok=1
Cmd: compileSnippet
  api=5 type=0 insize=1268 outsize=3468 kw=POINT SHADOWS_OFF pd=UNITY_NO_DXT5nm UNITY_NO_RGBM UNITY_NO_SCREENSPACE_SHADOWS UNITY_NO_LINEAR_COLORSPACE UNITY_ENABLE_REFLECTION_BUFFERS UNITY_FRAMEBUFFER_FETCH_AVAILABLE UNITY_NO_FULL_STANDARD_SHADER UNITY_PBS_USE_BRDF2 SHADER_API_MOBILE ok=1
Cmd: compileSnippet
  api=5 type=0 insize=1268 outsize=4873 kw=SPOT SHADOWS_DEPTH SHADOWS_NONATIVE pd=UNITY_NO_DXT5nm UNITY_NO_RGBM UNITY_NO_SCREENSPACE_SHADOWS UNITY_NO_LINEAR_COLORSPACE UNITY_ENABLE_REFLECTION_BUFFERS UNITY_FRAMEBUFFER_FETCH_AVAILABLE UNITY_NO_FULL_STANDARD_SHADER UNITY_PBS_USE_BRDF2 SHADER_API_MOBILE ok=1
Cmd: compileSnippet
  api=5 type=0 insize=1268 outsize=4437 kw=POINT_COOKIE SHADOWS_CUBE pd=UNITY_NO_DXT5nm UNITY_NO_RGBM UNITY_NO_SCREENSPACE_SHADOWS UNITY_NO_LINEAR_COLORSPACE UNITY_ENABLE_REFLECTION_BUFFERS UNITY_FRAMEBUFFER_FETCH_AVAILABLE UNITY_NO_FULL_STANDARD_SHADER UNITY_PBS_USE_BRDF2 SHADER_API_MOBILE ok=1
Cmd: compileSnippet
  api=5 type=0 insize=1268 outsize=5667 kw=POINT_COOKIE SHADOWS_CUBE SHADOWS_SOFT pd=UNITY_NO_DXT5nm UNITY_NO_RGBM UNITY_NO_SCREENSPACE_SHADOWS UNITY_NO_LINEAR_COLORSPACE UNITY_ENABLE_REFLECTION_BUFFERS UNITY_FRAMEBUFFER_FETCH_AVAILABLE UNITY_NO_FULL_STANDARD_SHADER UNITY_PBS_USE_BRDF2 SHADER_API_MOBILE ok=1
Cmd: compileSnippet
  api=5 type=1 insize=1268 outsize=0 kw=POINT SHADOWS_OFF pd=UNITY_NO_DXT5nm UNITY_NO_RGBM UNITY_NO_SCREENSPACE_SHADOWS UNITY_NO_LINEAR_COLORSPACE UNITY_ENABLE_REFLECTION_BUFFERS UNITY_FRAMEBUFFER_FETCH_AVAILABLE UNITY_NO_FULL_STANDARD_SHADER UNITY_PBS_USE_BRDF2 SHADER_API_MOBILE ok=1
Cmd: compileSnippet
  api=5 type=1 insize=1268 outsize=0 kw=DIRECTIONAL_COOKIE SHADOWS_OFF pd=UNITY_NO_DXT5nm UNITY_NO_RGBM UNITY_NO_SCREENSPACE_SHADOWS UNITY_NO_LINEAR_COLORSPACE UNITY_ENABLE_REFLECTION_BUFFERS UNITY_FRAMEBUFFER_FETCH_AVAILABLE UNITY_NO_FULL_STANDARD_SHADER UNITY_PBS_USE_BRDF2 SHADER_API_MOBILE ok=1
Cmd: compileSnippet
  api=5 type=1 insize=1268 outsize=0 kw=DIRECTIONAL_COOKIE SHADOWS_SCREEN pd=UNITY_NO_DXT5nm UNITY_NO_RGBM UNITY_NO_SCREENSPACE_SHADOWS UNITY_NO_LINEAR_COLORSPACE UNITY_ENABLE_REFLECTION_BUFFERS UNITY_FRAMEBUFFER_FETCH_AVAILABLE UNITY_NO_FULL_STANDARD_SHADER UNITY_PBS_USE_BRDF2 SHADER_API_MOBILE ok=1
Cmd: compileSnippet
  api=5 type=1 insize=1268 outsize=0 kw=SPOT SHADOWS_DEPTH SHADOWS_SOFT SHADOWS_NATIVE pd=UNITY_NO_DXT5nm UNITY_NO_RGBM UNITY_NO_SCREENSPACE_SHADOWS UNITY_NO_LINEAR_COLORSPACE UNITY_ENABLE_REFLECTION_BUFFERS UNITY_FRAMEBUFFER_FETCH_AVAILABLE UNITY_NO_FULL_STANDARD_SHADER UNITY_PBS_USE_BRDF2 SHADER_API_MOBILE ok=1
Cmd: compileSnippet
  api=5 type=1 insize=1268 outsize=0 kw=DIRECTIONAL_COOKIE SHADOWS_SCREEN SHADOWS_NATIVE pd=UNITY_NO_DXT5nm UNITY_NO_RGBM UNITY_NO_SCREENSPACE_SHADOWS UNITY_NO_LINEAR_COLORSPACE UNITY_ENABLE_REFLECTION_BUFFERS UNITY_FRAMEBUFFER_FETCH_AVAILABLE UNITY_NO_FULL_STANDARD_SHADER UNITY_PBS_USE_BRDF2 SHADER_API_MOBILE ok=1
Cmd: compileSnippet
  api=5 type=0 insize=1273 outsize=3473 kw=POINT SHADOWS_OFF pd=UNITY_NO_DXT5nm UNITY_NO_RGBM UNITY_NO_SCREENSPACE_SHADOWS UNITY_NO_LINEAR_COLORSPACE UNITY_ENABLE_REFLECTION_BUFFERS UNITY_FRAMEBUFFER_FETCH_AVAILABLE UNITY_NO_FULL_STANDARD_SHADER UNITY_PBS_USE_BRDF2 SHADER_API_MOBILE ok=1
Cmd: compileSnippet
  api=5 type=0 insize=1273 outsize=4878 kw=SPOT SHADOWS_DEPTH SHADOWS_NONATIVE pd=UNITY_NO_DXT5nm UNITY_NO_RGBM UNITY_NO_SCREENSPACE_SHADOWS UNITY_NO_LINEAR_COLORSPACE UNITY_ENABLE_REFLECTION_BUFFERS UNITY_FRAMEBUFFER_FETCH_AVAILABLE UNITY_NO_FULL_STANDARD_SHADER UNITY_PBS_USE_BRDF2 SHADER_API_MOBILE ok=1
Cmd: compileSnippet
  api=5 type=0 insize=1273 outsize=4442 kw=POINT_COOKIE SHADOWS_CUBE pd=UNITY_NO_DXT5nm UNITY_NO_RGBM UNITY_NO_SCREENSPACE_SHADOWS UNITY_NO_LINEAR_COLORSPACE UNITY_ENABLE_REFLECTION_BUFFERS UNITY_FRAMEBUFFER_FETCH_AVAILABLE UNITY_NO_FULL_STANDARD_SHADER UNITY_PBS_USE_BRDF2 SHADER_API_MOBILE ok=1
Cmd: compileSnippet
  api=5 type=0 insize=1273 outsize=5672 kw=POINT_COOKIE SHADOWS_CUBE SHADOWS_SOFT pd=UNITY_NO_DXT5nm UNITY_NO_RGBM UNITY_NO_SCREENSPACE_SHADOWS UNITY_NO_LINEAR_COLORSPACE UNITY_ENABLE_REFLECTION_BUFFERS UNITY_FRAMEBUFFER_FETCH_AVAILABLE UNITY_NO_FULL_STANDARD_SHADER UNITY_PBS_USE_BRDF2 SHADER_API_MOBILE ok=1
Cmd: compileSnippet
  api=5 type=1 insize=1273 outsize=0 kw=POINT SHADOWS_OFF pd=UNITY_NO_DXT5nm UNITY_NO_RGBM UNITY_NO_SCREENSPACE_SHADOWS UNITY_NO_LINEAR_COLORSPACE UNITY_ENABLE_REFLECTION_BUFFERS UNITY_FRAMEBUFFER_FETCH_AVAILABLE UNITY_NO_FULL_STANDARD_SHADER UNITY_PBS_USE_BRDF2 SHADER_API_MOBILE ok=1
Cmd: compileSnippet
  api=5 type=1 insize=1273 outsize=0 kw=DIRECTIONAL_COOKIE SHADOWS_OFF pd=UNITY_NO_DXT5nm UNITY_NO_RGBM UNITY_NO_SCREENSPACE_SHADOWS UNITY_NO_LINEAR_COLORSPACE UNITY_ENABLE_REFLECTION_BUFFERS UNITY_FRAMEBUFFER_FETCH_AVAILABLE UNITY_NO_FULL_STANDARD_SHADER UNITY_PBS_USE_BRDF2 SHADER_API_MOBILE ok=1
Cmd: compileSnippet
  api=5 type=1 insize=1273 outsize=0 kw=DIRECTIONAL_COOKIE SHADOWS_SCREEN pd=UNITY_NO_DXT5nm UNITY_NO_RGBM UNITY_NO_SCREENSPACE_SHADOWS UNITY_NO_LINEAR_COLORSPACE UNITY_ENABLE_REFLECTION_BUFFERS UNITY_FRAMEBUFFER_FETCH_AVAILABLE UNITY_NO_FULL_STANDARD_SHADER UNITY_PBS_USE_BRDF2 SHADER_API_MOBILE ok=1
Cmd: compileSnippet
  api=5 type=1 insize=1273 outsize=0 kw=SPOT SHADOWS_DEPTH SHADOWS_SOFT SHADOWS_NATIVE pd=UNITY_NO_DXT5nm UNITY_NO_RGBM UNITY_NO_SCREENSPACE_SHADOWS UNITY_NO_LINEAR_COLORSPACE UNITY_ENABLE_REFLECTION_BUFFERS UNITY_FRAMEBUFFER_FETCH_AVAILABLE UNITY_NO_FULL_STANDARD_SHADER UNITY_PBS_USE_BRDF2 SHADER_API_MOBILE ok=1
Cmd: compileSnippet
  api=5 type=1 insize=1273 outsize=0 kw=DIRECTIONAL_COOKIE SHADOWS_SCREEN SHADOWS_NATIVE pd=UNITY_NO_DXT5nm UNITY_NO_RGBM UNITY_NO_SCREENSPACE_SHADOWS UNITY_NO_LINEAR_COLORSPACE UNITY_ENABLE_REFLECTION_BUFFERS UNITY_FRAMEBUFFER_FETCH_AVAILABLE UNITY_NO_FULL_STANDARD_SHADER UNITY_PBS_USE_BRDF2 SHADER_API_MOBILE ok=1
Cmd: compileSnippet
  api=5 type=0 insize=1934 outsize=4137 kw=POINT SHADOWS_OFF pd=UNITY_NO_DXT5nm UNITY_NO_RGBM UNITY_NO_SCREENSPACE_SHADOWS UNITY_NO_LINEAR_COLORSPACE UNITY_ENABLE_REFLECTION_BUFFERS UNITY_FRAMEBUFFER_FETCH_AVAILABLE UNITY_NO_FULL_STANDARD_SHADER UNITY_PBS_USE_BRDF2 SHADER_API_MOBILE ok=1
Cmd: compileSnippet
  api=5 type=0 insize=1934 outsize=4444 kw=DIRECTIONAL SHADOWS_SCREEN pd=UNITY_NO_DXT5nm UNITY_NO_RGBM UNITY_NO_SCREENSPACE_SHADOWS UNITY_NO_LINEAR_COLORSPACE UNITY_ENABLE_REFLECTION_BUFFERS UNITY_FRAMEBUFFER_FETCH_AVAILABLE UNITY_NO_FULL_STANDARD_SHADER UNITY_PBS_USE_BRDF2 SHADER_API_MOBILE ok=1
Cmd: compileSnippet
  api=5 type=0 insize=1934 outsize=4685 kw=POINT SHADOWS_CUBE pd=UNITY_NO_DXT5nm UNITY_NO_RGBM UNITY_NO_SCREENSPACE_SHADOWS UNITY_NO_LINEAR_COLORSPACE UNITY_ENABLE_REFLECTION_BUFFERS UNITY_FRAMEBUFFER_FETCH_AVAILABLE UNITY_NO_FULL_STANDARD_SHADER UNITY_PBS_USE_BRDF2 SHADER_API_MOBILE ok=1
Cmd: compileSnippet
  api=5 type=0 insize=1934 outsize=5915 kw=POINT SHADOWS_CUBE SHADOWS_SOFT pd=UNITY_NO_DXT5nm UNITY_NO_RGBM UNITY_NO_SCREENSPACE_SHADOWS UNITY_NO_LINEAR_COLORSPACE UNITY_ENABLE_REFLECTION_BUFFERS UNITY_FRAMEBUFFER_FETCH_AVAILABLE UNITY_NO_FULL_STANDARD_SHADER UNITY_PBS_USE_BRDF2 SHADER_API_MOBILE ok=1
Cmd: compileSnippet
  api=5 type=0 insize=1934 outsize=4028 kw=POINT SHADOWS_OFF UNITY_HDR_ON pd=UNITY_NO_DXT5nm UNITY_NO_RGBM UNITY_NO_SCREENSPACE_SHADOWS UNITY_NO_LINEAR_COLORSPACE UNITY_ENABLE_REFLECTION_BUFFERS UNITY_FRAMEBUFFER_FETCH_AVAILABLE UNITY_NO_FULL_STANDARD_SHADER UNITY_PBS_USE_BRDF2 SHADER_API_MOBILE ok=1
Cmd: compileSnippet
  api=5 type=0 insize=1934 outsize=5599 kw=SPOT SHADOWS_DEPTH UNITY_HDR_ON SHADOWS_NONATIVE pd=UNITY_NO_DXT5nm UNITY_NO_RGBM UNITY_NO_SCREENSPACE_SHADOWS UNITY_NO_LINEAR_COLORSPACE UNITY_ENABLE_REFLECTION_BUFFERS UNITY_FRAMEBUFFER_FETCH_AVAILABLE UNITY_NO_FULL_STANDARD_SHADER UNITY_PBS_USE_BRDF2 SHADER_API_MOBILE ok=1
Cmd: compileSnippet
  api=5 type=0 insize=1934 outsize=4576 kw=POINT SHADOWS_CUBE UNITY_HDR_ON pd=UNITY_NO_DXT5nm UNITY_NO_RGBM UNITY_NO_SCREENSPACE_SHADOWS UNITY_NO_LINEAR_COLORSPACE UNITY_ENABLE_REFLECTION_BUFFERS UNITY_FRAMEBUFFER_FETCH_AVAILABLE UNITY_NO_FULL_STANDARD_SHADER UNITY_PBS_USE_BRDF2 SHADER_API_MOBILE ok=1
Cmd: compileSnippet
  api=5 type=0 insize=1934 outsize=5806 kw=POINT SHADOWS_CUBE SHADOWS_SOFT UNITY_HDR_ON pd=UNITY_NO_DXT5nm UNITY_NO_RGBM UNITY_NO_SCREENSPACE_SHADOWS UNITY_NO_LINEAR_COLORSPACE UNITY_ENABLE_REFLECTION_BUFFERS UNITY_FRAMEBUFFER_FETCH_AVAILABLE UNITY_NO_FULL_STANDARD_SHADER UNITY_PBS_USE_BRDF2 SHADER_API_MOBILE ok=1
Cmd: compileSnippet
  api=5 type=1 insize=1934 outsize=0 kw=POINT SHADOWS_OFF pd=UNITY_NO_DXT5nm UNITY_NO_RGBM UNITY_NO_SCREENSPACE_SHADOWS UNITY_NO_LINEAR_COLORSPACE UNITY_ENABLE_REFLECTION_BUFFERS UNITY_FRAMEBUFFER_FETCH_AVAILABLE UNITY_NO_FULL_STANDARD_SHADER UNITY_PBS_USE_BRDF2 SHADER_API_MOBILE ok=1
Cmd: compileSnippet
  api=5 type=1 insize=1934 outsize=0 kw=DIRECTIONAL_COOKIE SHADOWS_OFF pd=UNITY_NO_DXT5nm UNITY_NO_RGBM UNITY_NO_SCREENSPACE_SHADOWS UNITY_NO_LINEAR_COLORSPACE UNITY_ENABLE_REFLECTION_BUFFERS UNITY_FRAMEBUFFER_FETCH_AVAILABLE UNITY_NO_FULL_STANDARD_SHADER UNITY_PBS_USE_BRDF2 SHADER_API_MOBILE ok=1
Cmd: compileSnippet
  api=5 type=1 insize=1934 outsize=0 kw=DIRECTIONAL_COOKIE SHADOWS_SCREEN pd=UNITY_NO_DXT5nm UNITY_NO_RGBM UNITY_NO_SCREENSPACE_SHADOWS UNITY_NO_LINEAR_COLORSPACE UNITY_ENABLE_REFLECTION_BUFFERS UNITY_FRAMEBUFFER_FETCH_AVAILABLE UNITY_NO_FULL_STANDARD_SHADER UNITY_PBS_USE_BRDF2 SHADER_API_MOBILE ok=1
Cmd: compileSnippet
  api=5 type=1 insize=1934 outsize=0 kw=SPOT SHADOWS_DEPTH SHADOWS_SOFT SHADOWS_NATIVE pd=UNITY_NO_DXT5nm UNITY_NO_RGBM UNITY_NO_SCREENSPACE_SHADOWS UNITY_NO_LINEAR_COLORSPACE UNITY_ENABLE_REFLECTION_BUFFERS UNITY_FRAMEBUFFER_FETCH_AVAILABLE UNITY_NO_FULL_STANDARD_SHADER UNITY_PBS_USE_BRDF2 SHADER_API_MOBILE ok=1
Cmd: compileSnippet
  api=5 type=1 insize=1934 outsize=0 kw=DIRECTIONAL_COOKIE SHADOWS_SCREEN SHADOWS_NATIVE pd=UNITY_NO_DXT5nm UNITY_NO_RGBM UNITY_NO_SCREENSPACE_SHADOWS UNITY_NO_LINEAR_COLORSPACE UNITY_ENABLE_REFLECTION_BUFFERS UNITY_FRAMEBUFFER_FETCH_AVAILABLE UNITY_NO_FULL_STANDARD_SHADER UNITY_PBS_USE_BRDF2 SHADER_API_MOBILE ok=1
Cmd: compileSnippet
  api=5 type=1 insize=1934 outsize=0 kw=POINT_COOKIE SHADOWS_OFF UNITY_HDR_ON pd=UNITY_NO_DXT5nm UNITY_NO_RGBM UNITY_NO_SCREENSPACE_SHADOWS UNITY_NO_LINEAR_COLORSPACE UNITY_ENABLE_REFLECTION_BUFFERS UNITY_FRAMEBUFFER_FETCH_AVAILABLE UNITY_NO_FULL_STANDARD_SHADER UNITY_PBS_USE_BRDF2 SHADER_API_MOBILE ok=1
Cmd: compileSnippet
  api=5 type=1 insize=1934 outsize=0 kw=DIRECTIONAL SHADOWS_SCREEN UNITY_HDR_ON pd=UNITY_NO_DXT5nm UNITY_NO_RGBM UNITY_NO_SCREENSPACE_SHADOWS UNITY_NO_LINEAR_COLORSPACE UNITY_ENABLE_REFLECTION_BUFFERS UNITY_FRAMEBUFFER_FETCH_AVAILABLE UNITY_NO_FULL_STANDARD_SHADER UNITY_PBS_USE_BRDF2 SHADER_API_MOBILE ok=1
Cmd: compileSnippet
  api=5 type=1 insize=1934 outsize=0 kw=SPOT SHADOWS_DEPTH SHADOWS_SOFT UNITY_HDR_ON SHADOWS_NONATIVE pd=UNITY_NO_DXT5nm UNITY_NO_RGBM UNITY_NO_SCREENSPACE_SHADOWS UNITY_NO_LINEAR_COLORSPACE UNITY_ENABLE_REFLECTION_BUFFERS UNITY_FRAMEBUFFER_FETCH_AVAILABLE UNITY_NO_FULL_STANDARD_SHADER UNITY_PBS_USE_BRDF2 SHADER_API_MOBILE ok=1
Cmd: compileSnippet
  api=5 type=1 insize=1934 outsize=0 kw=DIRECTIONAL SHADOWS_SCREEN SHADOWS_NATIVE UNITY_HDR_ON pd=UNITY_NO_DXT5nm UNITY_NO_RGBM UNITY_NO_SCREENSPACE_SHADOWS UNITY_NO_LINEAR_COLORSPACE UNITY_ENABLE_REFLECTION_BUFFERS UNITY_FRAMEBUFFER_FETCH_AVAILABLE UNITY_NO_FULL_STANDARD_SHADER UNITY_PBS_USE_BRDF2 SHADER_API_MOBILE ok=1
Cmd: compileSnippet
  api=5 type=0 insize=683 outsize=507 kw= pd=UNITY_NO_DXT5nm UNITY_NO_RGBM UNITY_NO_SCREENSPACE_SHADOWS UNITY_NO_LINEAR_COLORSPACE UNITY_ENABLE_REFLECTION_BUFFERS UNITY_FRAMEBUFFER_FETCH_AVAILABLE UNITY_NO_FULL_STANDARD_SHADER UNITY_PBS_USE_BRDF2 SHADER_API_MOBILE ok=1
Cmd: compileSnippet
  api=5 type=1 insize=683 outsize=0 kw= pd=UNITY_NO_DXT5nm UNITY_NO_RGBM UNITY_NO_SCREENSPACE_SHADOWS UNITY_NO_LINEAR_COLORSPACE UNITY_ENABLE_REFLECTION_BUFFERS UNITY_FRAMEBUFFER_FETCH_AVAILABLE UNITY_NO_FULL_STANDARD_SHADER UNITY_PBS_USE_BRDF2 SHADER_API_MOBILE ok=1
Cmd: compileSnippet
  api=5 type=0 insize=3264 outsize=4498 kw= pd=UNITY_NO_DXT5nm UNITY_NO_RGBM UNITY_NO_SCREENSPACE_SHADOWS UNITY_NO_LINEAR_COLORSPACE UNITY_ENABLE_REFLECTION_BUFFERS UNITY_FRAMEBUFFER_FETCH_AVAILABLE UNITY_NO_FULL_STANDARD_SHADER UNITY_PBS_USE_BRDF2 SHADER_API_MOBILE ok=1
Cmd: compileSnippet
  api=5 type=1 insize=3264 outsize=0 kw= pd=UNITY_NO_DXT5nm UNITY_NO_RGBM UNITY_NO_SCREENSPACE_SHADOWS UNITY_NO_LINEAR_COLORSPACE UNITY_ENABLE_REFLECTION_BUFFERS UNITY_FRAMEBUFFER_FETCH_AVAILABLE UNITY_NO_FULL_STANDARD_SHADER UNITY_PBS_USE_BRDF2 SHADER_API_MOBILE ok=1
Cmd: compileSnippet
  api=5 type=0 insize=859 outsize=907 kw= pd=UNITY_NO_DXT5nm UNITY_NO_RGBM UNITY_NO_SCREENSPACE_SHADOWS UNITY_NO_LINEAR_COLORSPACE UNITY_ENABLE_REFLECTION_BUFFERS UNITY_FRAMEBUFFER_FETCH_AVAILABLE UNITY_NO_FULL_STANDARD_SHADER UNITY_PBS_USE_BRDF2 SHADER_API_MOBILE ok=1
Cmd: compileSnippet
  api=5 type=1 insize=859 outsize=0 kw= pd=UNITY_NO_DXT5nm UNITY_NO_RGBM UNITY_NO_SCREENSPACE_SHADOWS UNITY_NO_LINEAR_COLORSPACE UNITY_ENABLE_REFLECTION_BUFFERS UNITY_FRAMEBUFFER_FETCH_AVAILABLE UNITY_NO_FULL_STANDARD_SHADER UNITY_PBS_USE_BRDF2 SHADER_API_MOBILE ok=1
Cmd: compileSnippet
  api=5 type=0 insize=1420 outsize=1416 kw= pd=UNITY_NO_DXT5nm UNITY_NO_RGBM UNITY_NO_SCREENSPACE_SHADOWS UNITY_NO_LINEAR_COLORSPACE UNITY_ENABLE_REFLECTION_BUFFERS UNITY_FRAMEBUFFER_FETCH_AVAILABLE UNITY_NO_FULL_STANDARD_SHADER UNITY_PBS_USE_BRDF2 SHADER_API_MOBILE ok=1
Cmd: compileSnippet
  api=5 type=1 insize=1420 outsize=0 kw= pd=UNITY_NO_DXT5nm UNITY_NO_RGBM UNITY_NO_SCREENSPACE_SHADOWS UNITY_NO_LINEAR_COLORSPACE UNITY_ENABLE_REFLECTION_BUFFERS UNITY_FRAMEBUFFER_FETCH_AVAILABLE UNITY_NO_FULL_STANDARD_SHADER UNITY_PBS_USE_BRDF2 SHADER_API_MOBILE ok=1
Cmd: compileSnippet
  api=5 type=0 insize=6657 outsize=992 kw= pd=UNITY_NO_DXT5nm UNITY_NO_RGBM UNITY_NO_SCREENSPACE_SHADOWS UNITY_NO_LINEAR_COLORSPACE UNITY_ENABLE_REFLECTION_BUFFERS UNITY_FRAMEBUFFER_FETCH_AVAILABLE UNITY_NO_FULL_STANDARD_SHADER UNITY_PBS_USE_BRDF2 SHADER_API_MOBILE ok=1
Cmd: compileSnippet
  api=5 type=1 insize=6657 outsize=0 kw= pd=UNITY_NO_DXT5nm UNITY_NO_RGBM UNITY_NO_SCREENSPACE_SHADOWS UNITY_NO_LINEAR_COLORSPACE UNITY_ENABLE_REFLECTION_BUFFERS UNITY_FRAMEBUFFER_FETCH_AVAILABLE UNITY_NO_FULL_STANDARD_SHADER UNITY_PBS_USE_BRDF2 SHADER_API_MOBILE ok=1
Cmd: compileSnippet
  api=5 type=0 insize=6657 outsize=684 kw= pd=UNITY_NO_DXT5nm UNITY_NO_RGBM UNITY_NO_SCREENSPACE_SHADOWS UNITY_NO_LINEAR_COLORSPACE UNITY_ENABLE_REFLECTION_BUFFERS UNITY_FRAMEBUFFER_FETCH_AVAILABLE UNITY_NO_FULL_STANDARD_SHADER UNITY_PBS_USE_BRDF2 SHADER_API_MOBILE ok=1
Cmd: compileSnippet
  api=5 type=1 insize=6657 outsize=0 kw= pd=UNITY_NO_DXT5nm UNITY_NO_RGBM UNITY_NO_SCREENSPACE_SHADOWS UNITY_NO_LINEAR_COLORSPACE UNITY_ENABLE_REFLECTION_BUFFERS UNITY_FRAMEBUFFER_FETCH_AVAILABLE UNITY_NO_FULL_STANDARD_SHADER UNITY_PBS_USE_BRDF2 SHADER_API_MOBILE ok=1
Cmd: compileSnippet
  api=5 type=0 insize=701 outsize=890 kw= pd=UNITY_NO_DXT5nm UNITY_NO_RGBM UNITY_NO_SCREENSPACE_SHADOWS UNITY_NO_LINEAR_COLORSPACE UNITY_ENABLE_REFLECTION_BUFFERS UNITY_FRAMEBUFFER_FETCH_AVAILABLE UNITY_NO_FULL_STANDARD_SHADER UNITY_PBS_USE_BRDF2 SHADER_API_MOBILE ok=1
Cmd: compileSnippet
  api=5 type=1 insize=701 outsize=0 kw= pd=UNITY_NO_DXT5nm UNITY_NO_RGBM UNITY_NO_SCREENSPACE_SHADOWS UNITY_NO_LINEAR_COLORSPACE UNITY_ENABLE_REFLECTION_BUFFERS UNITY_FRAMEBUFFER_FETCH_AVAILABLE UNITY_NO_FULL_STANDARD_SHADER UNITY_PBS_USE_BRDF2 SHADER_API_MOBILE ok=1
Cmd: compileSnippet
  api=5 type=0 insize=701 outsize=582 kw= pd=UNITY_NO_DXT5nm UNITY_NO_RGBM UNITY_NO_SCREENSPACE_SHADOWS UNITY_NO_LINEAR_COLORSPACE UNITY_ENABLE_REFLECTION_BUFFERS UNITY_FRAMEBUFFER_FETCH_AVAILABLE UNITY_NO_FULL_STANDARD_SHADER UNITY_PBS_USE_BRDF2 SHADER_API_MOBILE ok=1
Cmd: compileSnippet
  api=5 type=1 insize=701 outsize=0 kw= pd=UNITY_NO_DXT5nm UNITY_NO_RGBM UNITY_NO_SCREENSPACE_SHADOWS UNITY_NO_LINEAR_COLORSPACE UNITY_ENABLE_REFLECTION_BUFFERS UNITY_FRAMEBUFFER_FETCH_AVAILABLE UNITY_NO_FULL_STANDARD_SHADER UNITY_PBS_USE_BRDF2 SHADER_API_MOBILE ok=1
Cmd: compileSnippet
  api=5 type=0 insize=1032 outsize=1505 kw= pd=UNITY_NO_DXT5nm UNITY_NO_RGBM UNITY_NO_SCREENSPACE_SHADOWS UNITY_NO_LINEAR_COLORSPACE UNITY_ENABLE_REFLECTION_BUFFERS UNITY_FRAMEBUFFER_FETCH_AVAILABLE UNITY_NO_FULL_STANDARD_SHADER UNITY_PBS_USE_BRDF2 SHADER_API_MOBILE ok=1
Cmd: compileSnippet
  api=5 type=1 insize=1032 outsize=0 kw= pd=UNITY_NO_DXT5nm UNITY_NO_RGBM UNITY_NO_SCREENSPACE_SHADOWS UNITY_NO_LINEAR_COLORSPACE UNITY_ENABLE_REFLECTION_BUFFERS UNITY_FRAMEBUFFER_FETCH_AVAILABLE UNITY_NO_FULL_STANDARD_SHADER UNITY_PBS_USE_BRDF2 SHADER_API_MOBILE ok=1
Cmd: compileSnippet
  api=5 type=0 insize=1032 outsize=1182 kw= pd=UNITY_NO_DXT5nm UNITY_NO_RGBM UNITY_NO_SCREENSPACE_SHADOWS UNITY_NO_LINEAR_COLORSPACE UNITY_ENABLE_REFLECTION_BUFFERS UNITY_FRAMEBUFFER_FETCH_AVAILABLE UNITY_NO_FULL_STANDARD_SHADER UNITY_PBS_USE_BRDF2 SHADER_API_MOBILE ok=1
Cmd: compileSnippet
  api=5 type=1 insize=1032 outsize=0 kw= pd=UNITY_NO_DXT5nm UNITY_NO_RGBM UNITY_NO_SCREENSPACE_SHADOWS UNITY_NO_LINEAR_COLORSPACE UNITY_ENABLE_REFLECTION_BUFFERS UNITY_FRAMEBUFFER_FETCH_AVAILABLE UNITY_NO_FULL_STANDARD_SHADER UNITY_PBS_USE_BRDF2 SHADER_API_MOBILE ok=1
Cmd: compileSnippet
  api=15 type=0 insize=6763 outsize=9171 kw=DIRECTIONAL SHADOWS_SCREEN SHADOWS_NATIVE LIGHTMAP_OFF DIRLIGHTMAP_OFF DYNAMICLIGHTMAP_OFF pd=UNITY_NO_SCREENSPACE_SHADOWS UNITY_ENABLE_REFLECTION_BUFFERS UNITY_PBS_USE_BRDF1 UNITY_SPECCUBE_BOX_PROJECTION UNITY_SPECCUBE_BLENDING SHADER_API_DESKTOP UNITY_TEXTURE_ALPHASPLIT_ALLOWED ok=1
Cmd: compileSnippet
  api=15 type=1 insize=6763 outsize=0 kw=DIRECTIONAL SHADOWS_SCREEN SHADOWS_NATIVE LIGHTMAP_OFF DIRLIGHTMAP_OFF DYNAMICLIGHTMAP_OFF pd=UNITY_NO_SCREENSPACE_SHADOWS UNITY_ENABLE_REFLECTION_BUFFERS UNITY_PBS_USE_BRDF1 UNITY_SPECCUBE_BOX_PROJECTION UNITY_SPECCUBE_BLENDING SHADER_API_DESKTOP UNITY_TEXTURE_ALPHASPLIT_ALLOWED ok=1
